{"/Users/naveenhollau/Development/IDE-Projects/options-viewer/options-viewer-tauri/src/components/OptionsTable.tsx": {"path":"/Users/naveenhollau/Development/IDE-Projects/options-viewer/options-viewer-tauri/src/components/OptionsTable.tsx","statementMap":{"0":{"start":{"line":11,"column":2},"end":{"line":11,"column":null}},"1":{"start":{"line":11,"column":45},"end":{"line":11,"column":null}},"2":{"start":{"line":12,"column":2},"end":{"line":12,"column":null}},"3":{"start":{"line":16,"column":2},"end":{"line":16,"column":null}},"4":{"start":{"line":16,"column":45},"end":{"line":16,"column":null}},"5":{"start":{"line":17,"column":2},"end":{"line":17,"column":null}},"6":{"start":{"line":20,"column":21},"end":{"line":20,"column":null}},"7":{"start":{"line":21,"column":20},"end":{"line":21,"column":null}},"8":{"start":{"line":24,"column":17},"end":{"line":24,"column":null}},"9":{"start":{"line":27,"column":8},"end":{"line":34,"column":null}},"10":{"start":{"line":28,"column":4},"end":{"line":33,"column":null}},"11":{"start":{"line":29,"column":20},"end":{"line":29,"column":null}},"12":{"start":{"line":30,"column":24},"end":{"line":30,"column":null}},"13":{"start":{"line":31,"column":23},"end":{"line":31,"column":null}},"14":{"start":{"line":32,"column":6},"end":{"line":32,"column":null}},"15":{"start":{"line":36,"column":2},"end":{"line":144,"column":null}},"16":{"start":{"line":54,"column":10},"end":{"line":54,"column":null}},"17":{"start":{"line":58,"column":10},"end":{"line":58,"column":null}},"18":{"start":{"line":65,"column":25},"end":{"line":65,"column":null}},"19":{"start":{"line":66,"column":24},"end":{"line":66,"column":null}},"20":{"start":{"line":67,"column":24},"end":{"line":67,"column":null}},"21":{"start":{"line":69,"column":10},"end":{"line":140,"column":null}},"22":{"start":{"line":76,"column":31},"end":{"line":76,"column":null}},"23":{"start":{"line":112,"column":31},"end":{"line":112,"column":null}}},"fnMap":{"0":{"name":"formatValue","decl":{"start":{"line":10,"column":9},"end":{"line":10,"column":21}},"loc":{"start":{"line":10,"column":65},"end":{"line":13,"column":null}},"line":10},"1":{"name":"formatPercent","decl":{"start":{"line":15,"column":9},"end":{"line":15,"column":23}},"loc":{"start":{"line":15,"column":53},"end":{"line":18,"column":null}},"line":15},"2":{"name":"OptionsTable","decl":{"start":{"line":26,"column":16},"end":{"line":26,"column":29}},"loc":{"start":{"line":26,"column":90},"end":{"line":146,"column":null}},"line":26},"3":{"name":"(anonymous_3)","decl":{"start":{"line":27,"column":23},"end":{"line":27,"column":29}},"loc":{"start":{"line":27,"column":29},"end":{"line":34,"column":5}},"line":27},"4":{"name":"(anonymous_4)","decl":{"start":{"line":28,"column":23},"end":{"line":28,"column":24}},"loc":{"start":{"line":28,"column":39},"end":{"line":33,"column":5}},"line":28},"5":{"name":"(anonymous_5)","decl":{"start":{"line":53,"column":26},"end":{"line":53,"column":27}},"loc":{"start":{"line":54,"column":10},"end":{"line":54,"column":null}},"line":54},"6":{"name":"(anonymous_6)","decl":{"start":{"line":57,"column":25},"end":{"line":57,"column":26}},"loc":{"start":{"line":58,"column":10},"end":{"line":58,"column":null}},"line":58},"7":{"name":"(anonymous_7)","decl":{"start":{"line":64,"column":18},"end":{"line":64,"column":19}},"loc":{"start":{"line":64,"column":66},"end":{"line":142,"column":9}},"line":64},"8":{"name":"(anonymous_8)","decl":{"start":{"line":76,"column":25},"end":{"line":76,"column":31}},"loc":{"start":{"line":76,"column":31},"end":{"line":76,"column":null}},"line":76},"9":{"name":"(anonymous_9)","decl":{"start":{"line":112,"column":25},"end":{"line":112,"column":31}},"loc":{"start":{"line":112,"column":31},"end":{"line":112,"column":null}},"line":112}},"branchMap":{"0":{"loc":{"start":{"line":10,"column":43},"end":{"line":10,"column":65}},"type":"default-arg","locations":[{"start":{"line":10,"column":54},"end":{"line":10,"column":65}}],"line":10},"1":{"loc":{"start":{"line":11,"column":2},"end":{"line":11,"column":null}},"type":"if","locations":[{"start":{"line":11,"column":2},"end":{"line":11,"column":null}},{"start":{},"end":{}}],"line":11},"2":{"loc":{"start":{"line":11,"column":6},"end":{"line":11,"column":45}},"type":"binary-expr","locations":[{"start":{"line":11,"column":6},"end":{"line":11,"column":24}},{"start":{"line":11,"column":24},"end":{"line":11,"column":45}}],"line":11},"3":{"loc":{"start":{"line":16,"column":2},"end":{"line":16,"column":null}},"type":"if","locations":[{"start":{"line":16,"column":2},"end":{"line":16,"column":null}},{"start":{},"end":{}}],"line":16},"4":{"loc":{"start":{"line":16,"column":6},"end":{"line":16,"column":45}},"type":"binary-expr","locations":[{"start":{"line":16,"column":6},"end":{"line":16,"column":24}},{"start":{"line":16,"column":24},"end":{"line":16,"column":45}}],"line":16},"5":{"loc":{"start":{"line":65,"column":25},"end":{"line":65,"column":null}},"type":"cond-expr","locations":[{"start":{"line":65,"column":37},"end":{"line":65,"column":55}},{"start":{"line":65,"column":55},"end":{"line":65,"column":null}}],"line":65},"6":{"loc":{"start":{"line":66,"column":24},"end":{"line":66,"column":null}},"type":"cond-expr","locations":[{"start":{"line":66,"column":35},"end":{"line":66,"column":51}},{"start":{"line":66,"column":51},"end":{"line":66,"column":null}}],"line":66},"7":{"loc":{"start":{"line":67,"column":24},"end":{"line":67,"column":null}},"type":"cond-expr","locations":[{"start":{"line":67,"column":32},"end":{"line":67,"column":50}},{"start":{"line":67,"column":50},"end":{"line":67,"column":null}}],"line":67},"8":{"loc":{"start":{"line":76,"column":31},"end":{"line":76,"column":null}},"type":"binary-expr","locations":[{"start":{"line":76,"column":31},"end":{"line":76,"column":50}},{"start":{"line":76,"column":50},"end":{"line":76,"column":null}}],"line":76},"9":{"loc":{"start":{"line":77,"column":142},"end":{"line":77,"column":181}},"type":"cond-expr","locations":[{"start":{"line":77,"column":160},"end":{"line":77,"column":165}},{"start":{"line":77,"column":165},"end":{"line":77,"column":181}}],"line":77},"10":{"loc":{"start":{"line":80,"column":19},"end":{"line":80,"column":null}},"type":"cond-expr","locations":[{"start":{"line":80,"column":37},"end":{"line":80,"column":75}},{"start":{"line":80,"column":75},"end":{"line":80,"column":null}}],"line":80},"11":{"loc":{"start":{"line":83,"column":19},"end":{"line":83,"column":null}},"type":"cond-expr","locations":[{"start":{"line":83,"column":37},"end":{"line":83,"column":76}},{"start":{"line":83,"column":76},"end":{"line":83,"column":null}}],"line":83},"12":{"loc":{"start":{"line":85,"column":47},"end":{"line":85,"column":189}},"type":"cond-expr","locations":[{"start":{"line":85,"column":158},"end":{"line":85,"column":174}},{"start":{"line":85,"column":174},"end":{"line":85,"column":189}}],"line":85},"13":{"loc":{"start":{"line":85,"column":47},"end":{"line":85,"column":158}},"type":"binary-expr","locations":[{"start":{"line":85,"column":47},"end":{"line":85,"column":82}},{"start":{"line":85,"column":82},"end":{"line":85,"column":122}},{"start":{"line":85,"column":122},"end":{"line":85,"column":158}}],"line":85},"14":{"loc":{"start":{"line":86,"column":19},"end":{"line":86,"column":null}},"type":"cond-expr","locations":[{"start":{"line":86,"column":37},"end":{"line":86,"column":77}},{"start":{"line":86,"column":77},"end":{"line":86,"column":null}}],"line":86},"15":{"loc":{"start":{"line":89,"column":19},"end":{"line":89,"column":null}},"type":"cond-expr","locations":[{"start":{"line":89,"column":37},"end":{"line":89,"column":77}},{"start":{"line":89,"column":77},"end":{"line":89,"column":null}}],"line":89},"16":{"loc":{"start":{"line":92,"column":19},"end":{"line":92,"column":null}},"type":"cond-expr","locations":[{"start":{"line":92,"column":37},"end":{"line":92,"column":77}},{"start":{"line":92,"column":77},"end":{"line":92,"column":null}}],"line":92},"17":{"loc":{"start":{"line":95,"column":19},"end":{"line":95,"column":null}},"type":"cond-expr","locations":[{"start":{"line":95,"column":37},"end":{"line":95,"column":73}},{"start":{"line":95,"column":73},"end":{"line":95,"column":null}}],"line":95},"18":{"loc":{"start":{"line":98,"column":19},"end":{"line":98,"column":null}},"type":"cond-expr","locations":[{"start":{"line":98,"column":37},"end":{"line":98,"column":75}},{"start":{"line":98,"column":75},"end":{"line":98,"column":null}}],"line":98},"19":{"loc":{"start":{"line":101,"column":19},"end":{"line":101,"column":null}},"type":"cond-expr","locations":[{"start":{"line":101,"column":37},"end":{"line":101,"column":75}},{"start":{"line":101,"column":75},"end":{"line":101,"column":null}}],"line":101},"20":{"loc":{"start":{"line":106,"column":186},"end":{"line":106,"column":241}},"type":"cond-expr","locations":[{"start":{"line":106,"column":194},"end":{"line":106,"column":225}},{"start":{"line":106,"column":225},"end":{"line":106,"column":241}}],"line":106},"21":{"loc":{"start":{"line":112,"column":31},"end":{"line":112,"column":null}},"type":"binary-expr","locations":[{"start":{"line":112,"column":31},"end":{"line":112,"column":49}},{"start":{"line":112,"column":49},"end":{"line":112,"column":null}}],"line":112},"22":{"loc":{"start":{"line":113,"column":139},"end":{"line":113,"column":177}},"type":"cond-expr","locations":[{"start":{"line":113,"column":156},"end":{"line":113,"column":161}},{"start":{"line":113,"column":161},"end":{"line":113,"column":177}}],"line":113},"23":{"loc":{"start":{"line":116,"column":19},"end":{"line":116,"column":null}},"type":"cond-expr","locations":[{"start":{"line":116,"column":36},"end":{"line":116,"column":73}},{"start":{"line":116,"column":73},"end":{"line":116,"column":null}}],"line":116},"24":{"loc":{"start":{"line":119,"column":19},"end":{"line":119,"column":null}},"type":"cond-expr","locations":[{"start":{"line":119,"column":36},"end":{"line":119,"column":73}},{"start":{"line":119,"column":73},"end":{"line":119,"column":null}}],"line":119},"25":{"loc":{"start":{"line":122,"column":19},"end":{"line":122,"column":null}},"type":"cond-expr","locations":[{"start":{"line":122,"column":36},"end":{"line":122,"column":71}},{"start":{"line":122,"column":71},"end":{"line":122,"column":null}}],"line":122},"26":{"loc":{"start":{"line":125,"column":19},"end":{"line":125,"column":null}},"type":"cond-expr","locations":[{"start":{"line":125,"column":36},"end":{"line":125,"column":75}},{"start":{"line":125,"column":75},"end":{"line":125,"column":null}}],"line":125},"27":{"loc":{"start":{"line":128,"column":19},"end":{"line":128,"column":null}},"type":"cond-expr","locations":[{"start":{"line":128,"column":36},"end":{"line":128,"column":75}},{"start":{"line":128,"column":75},"end":{"line":128,"column":null}}],"line":128},"28":{"loc":{"start":{"line":130,"column":47},"end":{"line":130,"column":186}},"type":"cond-expr","locations":[{"start":{"line":130,"column":155},"end":{"line":130,"column":171}},{"start":{"line":130,"column":171},"end":{"line":130,"column":186}}],"line":130},"29":{"loc":{"start":{"line":130,"column":47},"end":{"line":130,"column":155}},"type":"binary-expr","locations":[{"start":{"line":130,"column":47},"end":{"line":130,"column":81}},{"start":{"line":130,"column":81},"end":{"line":130,"column":120}},{"start":{"line":130,"column":120},"end":{"line":130,"column":155}}],"line":130},"30":{"loc":{"start":{"line":131,"column":19},"end":{"line":131,"column":null}},"type":"cond-expr","locations":[{"start":{"line":131,"column":36},"end":{"line":131,"column":75}},{"start":{"line":131,"column":75},"end":{"line":131,"column":null}}],"line":131},"31":{"loc":{"start":{"line":134,"column":19},"end":{"line":134,"column":null}},"type":"cond-expr","locations":[{"start":{"line":134,"column":36},"end":{"line":134,"column":74}},{"start":{"line":134,"column":74},"end":{"line":134,"column":null}}],"line":134},"32":{"loc":{"start":{"line":137,"column":19},"end":{"line":137,"column":null}},"type":"cond-expr","locations":[{"start":{"line":137,"column":36},"end":{"line":137,"column":73}},{"start":{"line":137,"column":73},"end":{"line":137,"column":null}}],"line":137}},"s":{"0":7,"1":0,"2":7,"3":1,"4":0,"5":1,"6":1,"7":1,"8":1,"9":3,"10":3,"11":5,"12":5,"13":5,"14":5,"15":3,"16":24,"17":24,"18":5,"19":5,"20":5,"21":5,"22":0,"23":0},"f":{"0":7,"1":1,"2":3,"3":3,"4":5,"5":24,"6":24,"7":5,"8":0,"9":0},"b":{"0":[7],"1":[0,7],"2":[7,7],"3":[0,1],"4":[1,1],"5":[1,4],"6":[3,2],"7":[1,4],"8":[0,0],"9":[1,4],"10":[1,4],"11":[1,4],"12":[1,4],"13":[5,5,1],"14":[1,4],"15":[1,4],"16":[1,4],"17":[1,4],"18":[1,4],"19":[1,4],"20":[1,4],"21":[0,0],"22":[0,5],"23":[0,5],"24":[0,5],"25":[0,5],"26":[0,5],"27":[0,5],"28":[0,5],"29":[5,5,0],"30":[0,5],"31":[0,5],"32":[0,5]},"meta":{"lastBranch":33,"lastFunction":10,"lastStatement":24,"seen":{"f:10:9:10:21":0,"b:10:54:10:65":0,"b:11:2:11:Infinity:undefined:undefined:undefined:undefined":1,"s:11:2:11:Infinity":0,"b:11:6:11:24:11:24:11:45":2,"s:11:45:11:Infinity":1,"s:12:2:12:Infinity":2,"f:15:9:15:23":1,"b:16:2:16:Infinity:undefined:undefined:undefined:undefined":3,"s:16:2:16:Infinity":3,"b:16:6:16:24:16:24:16:45":4,"s:16:45:16:Infinity":4,"s:17:2:17:Infinity":5,"s:20:21:20:Infinity":6,"s:21:20:21:Infinity":7,"s:24:17:24:Infinity":8,"f:26:16:26:29":2,"s:27:8:34:Infinity":9,"f:27:23:27:29":3,"s:28:4:33:Infinity":10,"f:28:23:28:24":4,"s:29:20:29:Infinity":11,"s:30:24:30:Infinity":12,"s:31:23:31:Infinity":13,"s:32:6:32:Infinity":14,"s:36:2:144:Infinity":15,"f:53:26:53:27":5,"s:54:10:54:Infinity":16,"f:57:25:57:26":6,"s:58:10:58:Infinity":17,"f:64:18:64:19":7,"s:65:25:65:Infinity":18,"b:65:37:65:55:65:55:65:Infinity":5,"s:66:24:66:Infinity":19,"b:66:35:66:51:66:51:66:Infinity":6,"s:67:24:67:Infinity":20,"b:67:32:67:50:67:50:67:Infinity":7,"s:69:10:140:Infinity":21,"f:76:25:76:31":8,"s:76:31:76:Infinity":22,"b:76:31:76:50:76:50:76:Infinity":8,"b:77:160:77:165:77:165:77:181":9,"b:80:37:80:75:80:75:80:Infinity":10,"b:83:37:83:76:83:76:83:Infinity":11,"b:85:158:85:174:85:174:85:189":12,"b:85:47:85:82:85:82:85:122:85:122:85:158":13,"b:86:37:86:77:86:77:86:Infinity":14,"b:89:37:89:77:89:77:89:Infinity":15,"b:92:37:92:77:92:77:92:Infinity":16,"b:95:37:95:73:95:73:95:Infinity":17,"b:98:37:98:75:98:75:98:Infinity":18,"b:101:37:101:75:101:75:101:Infinity":19,"b:106:194:106:225:106:225:106:241":20,"f:112:25:112:31":9,"s:112:31:112:Infinity":23,"b:112:31:112:49:112:49:112:Infinity":21,"b:113:156:113:161:113:161:113:177":22,"b:116:36:116:73:116:73:116:Infinity":23,"b:119:36:119:73:119:73:119:Infinity":24,"b:122:36:122:71:122:71:122:Infinity":25,"b:125:36:125:75:125:75:125:Infinity":26,"b:128:36:128:75:128:75:128:Infinity":27,"b:130:155:130:171:130:171:130:186":28,"b:130:47:130:81:130:81:130:120:130:120:130:155":29,"b:131:36:131:75:131:75:131:Infinity":30,"b:134:36:134:74:134:74:134:Infinity":31,"b:137:36:137:73:137:73:137:Infinity":32}}}
,"/Users/naveenhollau/Development/IDE-Projects/options-viewer/options-viewer-tauri/src/types/index.ts": {"path":"/Users/naveenhollau/Development/IDE-Projects/options-viewer/options-viewer-tauri/src/types/index.ts","statementMap":{},"fnMap":{},"branchMap":{},"s":{},"f":{},"b":{},"meta":{"lastBranch":0,"lastFunction":0,"lastStatement":0,"seen":{}}}
}
